Setting the LD random seed to -1108217913

Generated 844 of the 356590 non-bonded parameter combinations

Excluding 1 bonded neighbours molecule type 'molecule_0'

Excluding 1 bonded neighbours molecule type 'DIPC'

Excluding 1 bonded neighbours molecule type 'DIPC'

Excluding 1 bonded neighbours molecule type 'W'

Excluding 1 bonded neighbours molecule type 'NA+'

Excluding 1 bonded neighbours molecule type 'CL-'
Analysing residue names:
There are:    76    Protein residues
There are:  2125      Other residues
Analysing Protein...
Analysing residues not classified as Protein/DNA/RNA/Water and splitting into groups...

This run will generate roughly 0 Mb of data
Going to read 0 old index file(s)
Analysing residue names:
There are:    76    Protein residues
There are:  2083      Other residues
There are:    42        Ion residues
Analysing Protein...
Analysing residues not classified as Protein/DNA/RNA/Water and splitting into groups...
Analysing residues not classified as Protein/DNA/RNA/Water and splitting into groups...

  0 System              :  3798 atoms
  1 Protein             :   166 atoms
  2 Protein-H           :   166 atoms
  3 C-alpha             :     0 atoms
  4 Backbone            :     0 atoms
  5 MainChain           :     0 atoms
  6 MainChain+Cb        :     0 atoms
  7 MainChain+H         :     0 atoms
  8 SideChain           :   166 atoms
  9 SideChain-H         :   166 atoms
 10 Prot-Masses         :   166 atoms
 11 non-Protein         :  3632 atoms
 12 Other               :  3590 atoms
 13 DIPC                :  1644 atoms
 14 W                   :  1946 atoms
 15 NA+                 :    21 atoms
 16 CL-                 :    21 atoms
 17 Ion                 :    42 atoms
 18 DIPC                :  1644 atoms
 19 W                   :  1946 atoms
 20 NA+                 :    21 atoms
 21 CL-                 :    21 atoms

 nr : group      '!': not  'name' nr name   'splitch' nr    Enter: list groups
 'a': atom       '&': and  'del' nr         'splitres' nr   'l': list residues
 't': atom type  '|': or   'keep' nr        'splitat' nr    'h': help
 'r': residue              'res' nr         'chain' char
 "name": group             'case': case sensitive           'q': save and quit
 'ri': residue index

> 
Error: Multiple groups 'W' selected
Group -1 does not exist
Group is empty

> 
Note that major changes are planned in future for trjconv, to improve usability and utility.
Select group for output
Error: No such group '!W'
File output-conect-no-w.pdb has been written.
Note that major changes are planned in future for trjconv, to improve usability and utility.
Select group for output
Selected 0: 'System'
File output-conect.pdb has been written.
