/home/achopin/Documents/martinize/martinize-db/utils/create_conect_pdb.sh: line 47: [: ==: unary operator expected
                     :-) GROMACS - gmx editconf, 2020.5 (-:

                            GROMACS is written by:
     Emile Apol      Rossen Apostolov      Paul Bauer     Herman J.C. Berendsen
    Par Bjelkmar      Christian Blau   Viacheslav Bolnykh     Kevin Boyd    
 Aldert van Buuren   Rudi van Drunen     Anton Feenstra       Alan Gray     
  Gerrit Groenhof     Anca Hamuraru    Vincent Hindriksen  M. Eric Irrgang  
  Aleksei Iupinov   Christoph Junghans     Joe Jordan     Dimitrios Karkoulis
    Peter Kasson        Jiri Kraus      Carsten Kutzner      Per Larsson    
  Justin A. Lemkul    Viveca Lindahl    Magnus Lundborg     Erik Marklund   
    Pascal Merz     Pieter Meulenhoff    Teemu Murtola       Szilard Pall   
    Sander Pronk      Roland Schulz      Michael Shirts    Alexey Shvetsov  
   Alfons Sijbers     Peter Tieleman      Jon Vincent      Teemu Virolainen 
 Christian Wennberg    Maarten Wolf      Artem Zhmurov   
                           and the project leaders:
        Mark Abraham, Berk Hess, Erik Lindahl, and David van der Spoel

Copyright (c) 1991-2000, University of Groningen, The Netherlands.
Copyright (c) 2001-2019, The GROMACS development team at
Uppsala University, Stockholm University and
the Royal Institute of Technology, Sweden.
check out http://www.gromacs.org for more information.

GROMACS is free software; you can redistribute it and/or modify it
under the terms of the GNU Lesser General Public License
as published by the Free Software Foundation; either version 2.1
of the License, or (at your option) any later version.

GROMACS:      gmx editconf, version 2020.5
Executable:   /softwares/gromacs/2020.5//bin//gmx
Data prefix:  /softwares/gromacs/2020.5/
Working dir:  /home/achopin/Documents/martinize/martinize-db/tmp/5618943723718760675
Command line:
  gmx editconf -f /home/achopin/Documents/martinize/martinize-db/tmp/5618943723718760675/DPSG.gro -o __box__.gro -box 15 15 18 -noc


GROMACS reminds you: "Problems worthy / of attack / prove their worth / by hitting back." (Piet Hein)

                      :-) GROMACS - gmx grompp, 2020.5 (-:

                            GROMACS is written by:
     Emile Apol      Rossen Apostolov      Paul Bauer     Herman J.C. Berendsen
    Par Bjelkmar      Christian Blau   Viacheslav Bolnykh     Kevin Boyd    
 Aldert van Buuren   Rudi van Drunen     Anton Feenstra       Alan Gray     
  Gerrit Groenhof     Anca Hamuraru    Vincent Hindriksen  M. Eric Irrgang  
  Aleksei Iupinov   Christoph Junghans     Joe Jordan     Dimitrios Karkoulis
    Peter Kasson        Jiri Kraus      Carsten Kutzner      Per Larsson    
  Justin A. Lemkul    Viveca Lindahl    Magnus Lundborg     Erik Marklund   
    Pascal Merz     Pieter Meulenhoff    Teemu Murtola       Szilard Pall   
    Sander Pronk      Roland Schulz      Michael Shirts    Alexey Shvetsov  
   Alfons Sijbers     Peter Tieleman      Jon Vincent      Teemu Virolainen 
 Christian Wennberg    Maarten Wolf      Artem Zhmurov   
                           and the project leaders:
        Mark Abraham, Berk Hess, Erik Lindahl, and David van der Spoel

Copyright (c) 1991-2000, University of Groningen, The Netherlands.
Copyright (c) 2001-2019, The GROMACS development team at
Uppsala University, Stockholm University and
the Royal Institute of Technology, Sweden.
check out http://www.gromacs.org for more information.

GROMACS is free software; you can redistribute it and/or modify it
under the terms of the GNU Lesser General Public License
as published by the Free Software Foundation; either version 2.1
of the License, or (at your option) any later version.

GROMACS:      gmx grompp, version 2020.5
Executable:   /softwares/gromacs/2020.5//bin//gmx
Data prefix:  /softwares/gromacs/2020.5/
Working dir:  /home/achopin/Documents/martinize/martinize-db/tmp/5618943723718760675
Command line:
  gmx grompp -f /home/achopin/Documents/martinize/martinize-db/utils/run.mdp -c __box__.gro -p /home/achopin/Documents/martinize/martinize-db/tmp/5618943723718760675/full.top -o __run__.tpr

Ignoring obsolete mdp entry 'ns_type'
Setting the LD random seed to -1207962114
Generated 0 of the 780 non-bonded parameter combinations
Excluding 1 bonded neighbours molecule type 'DPSG'

NOTE 1 [file full.top, line 9]:
  System has non-zero total charge: -1.000000
  Total charge should normally be an integer. See
  http://www.gromacs.org/Documentation/Floating_Point_Arithmetic
  for discussion on how close it should be to an integer.
  


Warning: atom name 1 in /home/achopin/Documents/martinize/martinize-db/tmp/5618943723718760675/full.top and __box__.gro does not match (S6 - S1)
Warning: atom name 2 in /home/achopin/Documents/martinize/martinize-db/tmp/5618943723718760675/full.top and __box__.gro does not match (C6 - C1)
Warning: atom name 3 in /home/achopin/Documents/martinize/martinize-db/tmp/5618943723718760675/full.top and __box__.gro does not match (C4 - C2)
Warning: atom name 4 in /home/achopin/Documents/martinize/martinize-db/tmp/5618943723718760675/full.top and __box__.gro does not match (C1 - C3)

WARNING 1 [file full.top, line 9]:
  4 non-matching atom names
  atom names from
  /home/achopin/Documents/martinize/martinize-db/tmp/5618943723718760675/full.top will be used
  atom names from __box__.gro will be ignored


Number of degrees of freedom in T-Coupling group rest is 39.00

There was 1 note

There was 1 warning

-------------------------------------------------------
Program:     gmx grompp, version 2020.5
Source file: src/gromacs/gmxpreprocess/grompp.cpp (line 2353)

Fatal error:
Too many warnings (1).
If you are sure all warnings are harmless, use the -maxwarn option.

For more information and tips for troubleshooting, please check the GROMACS
website at http://www.gromacs.org/Documentation/Errors
-------------------------------------------------------
/home/achopin/Documents/martinize/martinize-db/utils/create_conect_pdb.sh: line 59: [: ==: unary operator expected
                     :-) GROMACS - gmx trjconv, 2020.5 (-:

                            GROMACS is written by:
     Emile Apol      Rossen Apostolov      Paul Bauer     Herman J.C. Berendsen
    Par Bjelkmar      Christian Blau   Viacheslav Bolnykh     Kevin Boyd    
 Aldert van Buuren   Rudi van Drunen     Anton Feenstra       Alan Gray     
  Gerrit Groenhof     Anca Hamuraru    Vincent Hindriksen  M. Eric Irrgang  
  Aleksei Iupinov   Christoph Junghans     Joe Jordan     Dimitrios Karkoulis
    Peter Kasson        Jiri Kraus      Carsten Kutzner      Per Larsson    
  Justin A. Lemkul    Viveca Lindahl    Magnus Lundborg     Erik Marklund   
    Pascal Merz     Pieter Meulenhoff    Teemu Murtola       Szilard Pall   
    Sander Pronk      Roland Schulz      Michael Shirts    Alexey Shvetsov  
   Alfons Sijbers     Peter Tieleman      Jon Vincent      Teemu Virolainen 
 Christian Wennberg    Maarten Wolf      Artem Zhmurov   
                           and the project leaders:
        Mark Abraham, Berk Hess, Erik Lindahl, and David van der Spoel

Copyright (c) 1991-2000, University of Groningen, The Netherlands.
Copyright (c) 2001-2019, The GROMACS development team at
Uppsala University, Stockholm University and
the Royal Institute of Technology, Sweden.
check out http://www.gromacs.org for more information.

GROMACS is free software; you can redistribute it and/or modify it
under the terms of the GNU Lesser General Public License
as published by the Free Software Foundation; either version 2.1
of the License, or (at your option) any later version.

GROMACS:      gmx trjconv, version 2020.5
Executable:   /softwares/gromacs/2020.5//bin//gmx
Data prefix:  /softwares/gromacs/2020.5/
Working dir:  /home/achopin/Documents/martinize/martinize-db/tmp/5618943723718760675
Command line:
  gmx trjconv -s __run__.tpr -f __box__.gro -o output-conect.pdb -conect


-------------------------------------------------------
Program:     gmx trjconv, version 2020.5
Source file: src/gromacs/commandline/cmdlineparser.cpp (line 275)
Function:    void gmx::CommandLineParser::parse(int*, char**)

Error in user input:
Invalid command-line options
  In command-line option -s
    File '__run__.tpr' does not exist or is not accessible.
    The file could not be opened.
      Reason: No such file or directory
      (call to fopen() returned error code 2)

For more information and tips for troubleshooting, please check the GROMACS
website at http://www.gromacs.org/Documentation/Errors
-------------------------------------------------------
